2016/07/05 1:33:33 にビルドを開始しました。
     1>ノード 2 上のプロジェクト "C:\Users\USER\documents\visual studio 2010\Projects\SpeechDetection\SpeechDetection\SpeechDetection.vcxproj" (build ターゲット)。
     1>InitializeBuildStatus:
         "AlwaysCreate" が指定されたため "Debug\SpeechDetection.unsuccessfulbuild" を作成しています。
       ClCompile:
         すべての出力が最新のものです。
       ManifestResourceCompile:
         すべての出力が最新のものです。
       Link:
         c:\Program Files (x86)\Microsoft Visual Studio 10.0\VC\bin\link.exe /ERRORREPORT:PROMPT /OUT:"C:\Users\USER\documents\visual studio 2010\Projects\SpeechDetection\Debug\SpeechDetection.exe" /INCREMENTAL /NOLOGO ws2_32.lib kernel32.lib user32.lib gdi32.lib winspool.lib comdlg32.lib advapi32.lib shell32.lib ole32.lib oleaut32.lib uuid.lib odbc32.lib odbccp32.lib /MANIFEST /ManifestFile:"Debug\SpeechDetection.exe.intermediate.manifest" /MANIFESTUAC:"level='asInvoker' uiAccess='false'" /DEBUG /PDB:"C:\Users\USER\documents\visual studio 2010\Projects\SpeechDetection\Debug\SpeechDetection.pdb" /SUBSYSTEM:CONSOLE /TLBID:1 /DYNAMICBASE /NXCOMPAT /IMPLIB:"C:\Users\USER\documents\visual studio 2010\Projects\SpeechDetection\Debug\SpeechDetection.lib" /MACHINE:X86 Debug\SpeechDetection.exe.embed.manifest.res
         Debug\main.obj
         LINK : 前回のインクリメンタル リンクで C:\Users\USER\documents\visual studio 2010\Projects\SpeechDetection\Debug\SpeechDetection.exe が見つからなかったか、ビルドされませんでした。フル リンクを行います。
       Manifest:
         C:\Program Files (x86)\Microsoft SDKs\Windows\v7.0A\bin\mt.exe /nologo /verbose /out:"Debug\SpeechDetection.exe.embed.manifest" /manifest Debug\SpeechDetection.exe.intermediate.manifest
         すべての出力が最新のものです。
       LinkEmbedManifest:
         すべての出力が最新のものです。
         SpeechDetection.vcxproj -> C:\Users\USER\documents\visual studio 2010\Projects\SpeechDetection\Debug\SpeechDetection.exe
       FinalizeBuildStatus:
         ファイル "Debug\SpeechDetection.unsuccessfulbuild" を削除しています。
         "Debug\SpeechDetection.lastbuildstate" のタッチ タスクを実行しています。
     1>プロジェクト "C:\Users\USER\documents\visual studio 2010\Projects\SpeechDetection\SpeechDetection\SpeechDetection.vcxproj" (build ターゲット) のビルドが完了しました。

ビルドに成功しました。

経過時間 00:00:00.78
