C:\USERS\USER\DOCUMENTS\VISUAL STUDIO 2010\PROJECTS\SPEECHDETECTION\DEBUG\SPEECHDETECTION.EXE
C:\USERS\USER\DOCUMENTS\VISUAL STUDIO 2010\PROJECTS\SPEECHDETECTION\DEBUG\SPEECHDETECTION.ILK
C:\USERS\USER\DOCUMENTS\VISUAL STUDIO 2010\PROJECTS\SPEECHDETECTION\DEBUG\SPEECHDETECTION.PDB
C:\Users\USER\documents\visual studio 2010\Projects\SpeechDetection\SpeechDetection\Debug\cl.command.1.tlog
C:\Users\USER\documents\visual studio 2010\Projects\SpeechDetection\SpeechDetection\Debug\CL.read.1.tlog
C:\Users\USER\documents\visual studio 2010\Projects\SpeechDetection\SpeechDetection\Debug\CL.write.1.tlog
C:\Users\USER\documents\visual studio 2010\Projects\SpeechDetection\SpeechDetection\Debug\link.6000.read.1.tlog
C:\Users\USER\documents\visual studio 2010\Projects\SpeechDetection\SpeechDetection\Debug\link.6000.write.1.tlog
C:\Users\USER\documents\visual studio 2010\Projects\SpeechDetection\SpeechDetection\Debug\link.6000-cvtres.read.1.tlog
C:\Users\USER\documents\visual studio 2010\Projects\SpeechDetection\SpeechDetection\Debug\link.6000-cvtres.write.1.tlog
C:\Users\USER\documents\visual studio 2010\Projects\SpeechDetection\SpeechDetection\Debug\link.7444.read.1.tlog
C:\Users\USER\documents\visual studio 2010\Projects\SpeechDetection\SpeechDetection\Debug\link.7444.write.1.tlog
C:\Users\USER\documents\visual studio 2010\Projects\SpeechDetection\SpeechDetection\Debug\link.7444-cvtres.read.1.tlog
C:\Users\USER\documents\visual studio 2010\Projects\SpeechDetection\SpeechDetection\Debug\link.7444-cvtres.write.1.tlog
C:\Users\USER\documents\visual studio 2010\Projects\SpeechDetection\SpeechDetection\Debug\link.7612.read.1.tlog
C:\Users\USER\documents\visual studio 2010\Projects\SpeechDetection\SpeechDetection\Debug\link.7612.write.1.tlog
C:\Users\USER\documents\visual studio 2010\Projects\SpeechDetection\SpeechDetection\Debug\link.7612-cvtres.read.1.tlog
C:\Users\USER\documents\visual studio 2010\Projects\SpeechDetection\SpeechDetection\Debug\link.7612-cvtres.write.1.tlog
C:\Users\USER\documents\visual studio 2010\Projects\SpeechDetection\SpeechDetection\Debug\link.command.1.tlog
C:\Users\USER\documents\visual studio 2010\Projects\SpeechDetection\SpeechDetection\Debug\link.read.1.tlog
C:\Users\USER\documents\visual studio 2010\Projects\SpeechDetection\SpeechDetection\Debug\link.write.1.tlog
C:\Users\USER\documents\visual studio 2010\Projects\SpeechDetection\SpeechDetection\Debug\link-cvtres.read.1.tlog
C:\Users\USER\documents\visual studio 2010\Projects\SpeechDetection\SpeechDetection\Debug\link-cvtres.write.1.tlog
C:\USERS\USER\DOCUMENTS\VISUAL STUDIO 2010\PROJECTS\SPEECHDETECTION\SPEECHDETECTION\DEBUG\MAIN.OBJ
C:\Users\USER\documents\visual studio 2010\Projects\SpeechDetection\SpeechDetection\Debug\mt.command.1.tlog
C:\Users\USER\documents\visual studio 2010\Projects\SpeechDetection\SpeechDetection\Debug\mt.read.1.tlog
C:\Users\USER\documents\visual studio 2010\Projects\SpeechDetection\SpeechDetection\Debug\mt.write.1.tlog
C:\Users\USER\documents\visual studio 2010\Projects\SpeechDetection\SpeechDetection\Debug\rc.command.1.tlog
C:\Users\USER\documents\visual studio 2010\Projects\SpeechDetection\SpeechDetection\Debug\rc.read.1.tlog
C:\Users\USER\documents\visual studio 2010\Projects\SpeechDetection\SpeechDetection\Debug\rc.write.1.tlog
C:\USERS\USER\DOCUMENTS\VISUAL STUDIO 2010\PROJECTS\SPEECHDETECTION\SPEECHDETECTION\DEBUG\SPEECHDETECTION.EXE.EMBED.MANIFEST
C:\USERS\USER\DOCUMENTS\VISUAL STUDIO 2010\PROJECTS\SPEECHDETECTION\SPEECHDETECTION\DEBUG\SPEECHDETECTION.EXE.EMBED.MANIFEST.RES
C:\USERS\USER\DOCUMENTS\VISUAL STUDIO 2010\PROJECTS\SPEECHDETECTION\SPEECHDETECTION\DEBUG\SPEECHDETECTION.EXE.INTERMEDIATE.MANIFEST
C:\Users\USER\documents\visual studio 2010\Projects\SpeechDetection\SpeechDetection\Debug\SpeechDetection.vcxprojResolveAssemblyReference.cache
C:\Users\USER\documents\visual studio 2010\Projects\SpeechDetection\SpeechDetection\Debug\SpeechDetection.write.1.tlog
C:\Users\USER\documents\visual studio 2010\Projects\SpeechDetection\SpeechDetection\Debug\SpeechDetection_manifest.rc
C:\Users\USER\documents\visual studio 2010\Projects\SpeechDetection\SpeechDetection\Debug\vc100.idb
C:\USERS\USER\DOCUMENTS\VISUAL STUDIO 2010\PROJECTS\SPEECHDETECTION\SPEECHDETECTION\DEBUG\VC100.PDB
